2024-10-02T23:52:41.095Z [INFO]: Login email sent to the.shoaib023@gmail.com
2024-10-02T23:53:42.530Z [INFO]: Logout email sent to the.shoaib023@gmail.com
2024-10-03T13:38:18.580Z [INFO]: Login email sent to the.shoaib023@gmail.com
2024-10-03T13:38:23.548Z [INFO]: Logout email sent to the.shoaib023@gmail.com
2024-10-03T18:37:29.056Z [INFO]: Login email sent to the.shoaib023@gmail.com
2024-10-03T21:21:39.685Z [INFO]: Logout email sent to the.shoaib023@gmail.com
2024-10-03T21:21:45.352Z [INFO]: Login email sent to the.shoaib023@gmail.com
2024-10-03T22:45:59.678Z [INFO]: Logout email sent to the.shoaib023@gmail.com
2024-10-03T22:46:04.625Z [INFO]: Login email sent to siamemon9@gmail.com
2024-10-03T22:47:50.886Z [INFO]: Logout email sent to siamemon9@gmail.com
2024-10-03T22:48:02.585Z [INFO]: Login email sent to the.shoaib023@gmail.com
2024-10-03T23:47:46.259Z [INFO]: Login email sent to the.shoaib023@gmail.com
2024-10-03T23:49:15.211Z [INFO]: Login email sent to rahmanasmita24@gmail.com
2024-10-04T00:37:10.430Z [INFO]: Login email sent to rahmanasmita24@gmail.com
2024-10-04T06:37:13.568Z [INFO]: Logout email sent to rahmanasmita24@gmail.com
2024-10-04T06:37:26.093Z [INFO]: Login email sent to siamemon9@gmail.com
2024-10-04T07:01:28.790Z [INFO]: Logout email sent to siamemon9@gmail.com
2024-10-04T07:04:46.141Z [INFO]: Login email sent to the.shoaib023@gmail.com
2024-10-04T07:05:27.028Z [INFO]: Login email sent to rahmanasmita24@gmail.com
2024-10-04T07:07:49.755Z [INFO]: Logout email sent to rahmanasmita24@gmail.com
2024-10-04T07:08:44.678Z [INFO]: Login email sent to badwisebalabala@gmail.com
2024-10-04T07:12:34.026Z [INFO]: Login email sent to the.shoaib023@gmail.com
2024-10-04T07:12:48.485Z [INFO]: Login email sent to the.shoaib023@gmail.com
2024-10-04T07:12:53.213Z [INFO]: Logout email sent to the.shoaib023@gmail.com
2024-10-04T07:13:05.737Z [INFO]: Login email sent to rahmanasmita24@gmail.com
2024-10-04T07:16:31.461Z [INFO]: Logout email sent to rahmanasmita24@gmail.com
2024-10-04T07:16:48.135Z [INFO]: Login email sent to badwisebalabala@gmail.com
2024-10-04T07:46:43.151Z [INFO]: Login email sent to the.shoaib023@gmail.com
2024-10-04T07:49:12.276Z [INFO]: Login email sent to rahmanasmita24@gmail.com
2024-10-04T07:54:01.719Z [INFO]: Logout email sent to the.shoaib023@gmail.com
2024-10-04T07:54:08.201Z [INFO]: Login email sent to badwisebalabala@gmail.com
2024-10-04T08:14:31.229Z [INFO]: Login email sent to badwisebalabala@gmail.com
2024-10-04T08:14:57.445Z [INFO]: Login email sent to badwisebalabala@gmail.com
2024-10-04T08:16:05.998Z [INFO]: Login email sent to rahmanasmita24@gmail.com
2024-10-04T08:21:33.299Z [INFO]: Login email sent to badwisebalabala@gmail.com
2024-10-04T08:21:57.445Z [INFO]: Login email sent to the.shoaib023@gmail.com
2024-10-04T08:29:57.530Z [INFO]: Login email sent to siamemon9@gmail.com
2024-10-04T08:30:14.287Z [INFO]: Logout email sent to the.shoaib023@gmail.com
2024-10-04T08:30:46.885Z [INFO]: Logout email sent to badwisebalabala@gmail.com
2024-10-04T08:30:56.630Z [INFO]: Login email sent to rahmanasmita24@gmail.com
2024-10-05T21:02:59.983Z [INFO]: Logout email sent to rahmanasmita24@gmail.com
2024-10-05T21:03:09.430Z [INFO]: Login email sent to badwisebalabala@gmail.com
2024-10-05T21:03:31.527Z [INFO]: Logout email sent to badwisebalabala@gmail.com
2024-10-05T21:03:37.109Z [INFO]: Login email sent to badwisebalabala@gmail.com
2024-10-05T21:03:40.215Z [INFO]: Logout email sent to badwisebalabala@gmail.com
2024-10-05T21:03:48.814Z [INFO]: Login email sent to rahmanasmita24@gmail.com
2024-10-05T21:05:31.221Z [INFO]: Login email sent to rahmanasmita24@gmail.com
2024-10-05T21:35:34.787Z [INFO]: Login email sent to the.shoaib023@gmail.com
